<?xml version="1.0" encoding="UTF-8"?>
<testsuite xmlns:xsi="http://www.w3.org/2001/XMLSchema-instance" xsi:noNamespaceSchemaLocation="https://maven.apache.org/surefire/maven-surefire-plugin/xsd/surefire-test-report.xsd" name="com.junit.demo.controller.UserControllerTests" time="3.126" tests="7" errors="0" skipped="0" failures="0">
  <properties>
[...]
</properties>
  <testcase name="givenInvalidUserId_whenGetUserById_thenReturnEmpty" classname="com.junit.demo.controller.UserControllerTests" time="0.17"/>
  <testcase name="givenUpdatedUser_whenUpdateUser_thenReturnUpdateUserObject" classname="com.junit.demo.controller.UserControllerTests" time="0.118"/>
  <testcase name="givenListOfUsers_whenGetAllUsers_thenReturnUsersList" classname="com.junit.demo.controller.UserControllerTests" time="0.013"/>
  <testcase name="givenUserId_whenDeleteUser_thenReturn200" classname="com.junit.demo.controller.UserControllerTests" time="0.008"/>
  <testcase name="givenUserId_whenGetUserById_thenReturnUserObject" classname="com.junit.demo.controller.UserControllerTests" time="0.006"/>
  <testcase name="givenUpdatedUser_whenUpdateUser_thenReturn404" classname="com.junit.demo.controller.UserControllerTests" time="0.007"/>
  <testcase name="givenUserObject_whenCreateUser_thenReturnSavedUser" classname="com.junit.demo.controller.UserControllerTests" time="0.015"/>
</testsuite>